[2024-11-06T13:32:12.470536+01:00] name.INFO: Se ha guardado una imagen: 4310010d-da4b-40dd-a440-123d2b14bbcc.jpg [] []
[2024-11-11T12:14:15.599558+01:00] name.INFO: Se ha guardado una imagen: Curso Básico de Algoritmos y Pensamiento Lógico-b6fac593-158b-4e5b-973e-6a07f7ff8876.png [] []
[2024-11-11T12:15:39.220925+01:00] name.INFO: Se ha guardado una imagen: foto1.jpg.jpg [] []
[2024-11-11T12:21:10.337348+01:00] name.INFO: Se ha guardado una imagen: juegoBolita.PNG [] []
[2024-11-15T11:52:44.935754+01:00] name.INFO: Se ha guardado una imagen: Partes de un pc.jpg [] []
[2024-11-15T12:40:35.982446+01:00] name.INFO: Se ha creado el usuario: nana [] []
[2024-11-15T13:03:33.165770+01:00] name.INFO: Se ha creado el usuario: patata [] []
[2024-11-15T13:07:35.918800+01:00] name.INFO: Se ha guardado una imagen: image3.png [] []
[2025-01-09T20:10:33.960596+01:00] name.INFO: Intento de login - Usuario: nana [] []
[2025-01-09T20:10:33.963798+01:00] name.INFO: Password proporcionado: 1234 [] []
[2025-01-09T20:10:33.963871+01:00] name.INFO: Password almacenado:  [] []
[2025-01-09T20:10:33.963921+01:00] name.INFO: Contraseña incorrecta para usuario:  [] []
[2025-01-09T20:11:10.762579+01:00] name.INFO: Intento de login - Usuario: nana [] []
[2025-01-09T20:11:10.804540+01:00] name.INFO: Password proporcionado: 1234 [] []
[2025-01-09T20:11:10.804654+01:00] name.INFO: Password almacenado:  [] []
[2025-01-09T20:11:10.804706+01:00] name.INFO: Contraseña incorrecta para usuario:  [] []
[2025-01-09T20:13:32.184048+01:00] name.INFO: Intento de login - Usuario: nana [] []
[2025-01-09T20:13:32.211408+01:00] name.INFO: Password proporcionado: 1234 [] []
[2025-01-09T20:13:32.211491+01:00] name.INFO: Password almacenado: $2y$10$ElL.9o6sWGEGV0tXhy7K2uxnBQtoZqg/onz8HKObqoLSteRPZl0UO [] []
[2025-01-09T20:13:32.263417+01:00] name.INFO: Login exitoso para usuario: nana [] []
[2025-01-09T20:14:05.986355+01:00] name.INFO: Intento de login - Usuario: user [] []
[2025-01-09T20:14:05.989133+01:00] name.INFO: Password proporcionado: 1234 [] []
[2025-01-09T20:14:05.989199+01:00] name.INFO: Password almacenado: $2y$10$ElL.9o6sWGEGV0tXhy7K2uxnBQtoZqg/onz8HKObqoLSteRPZl0UO [] []
[2025-01-09T20:14:06.038992+01:00] name.INFO: Login exitoso para usuario: user [] []
[2025-01-09T20:28:11.752307+01:00] name.INFO: Intento de login - Usuario: nana [] []
[2025-01-09T20:28:11.754767+01:00] name.INFO: Password proporcionado: 1234 [] []
[2025-01-09T20:28:11.754839+01:00] name.INFO: Password almacenado: $2y$10$ElL.9o6sWGEGV0tXhy7K2uxnBQtoZqg/onz8HKObqoLSteRPZl0UO [] []
[2025-01-09T20:28:11.804773+01:00] name.INFO: Login exitoso para usuario: nana [] []
[2025-01-09T20:29:10.851879+01:00] name.INFO: Intento de login - Usuario: user [] []
[2025-01-09T20:29:10.854621+01:00] name.INFO: Password proporcionado: 1234 [] []
[2025-01-09T20:29:10.854699+01:00] name.INFO: Password almacenado: $2y$10$ElL.9o6sWGEGV0tXhy7K2uxnBQtoZqg/onz8HKObqoLSteRPZl0UO [] []
[2025-01-09T20:29:10.905667+01:00] name.INFO: Login exitoso para usuario: user [] []
[2025-01-09T21:15:32.644255+01:00] name.INFO: Renderizando vista de cursos. Número de cursos: 1 [] []
[2025-01-09T21:15:52.527498+01:00] name.INFO: Renderizando vista de cursos. Número de cursos: 1 [] []
[2025-01-09T21:17:33.391877+01:00] name.INFO: Renderizando vista de cursos. Número de cursos: 1 [] []
[2025-01-09T21:19:30.189843+01:00] name.INFO: Renderizando vista de cursos. Número de cursos: 1 [] []
[2025-01-09T22:31:53.622994+01:00] name.INFO: Intento de login - Usuario: use [] []
[2025-01-09T22:31:53.679120+01:00] name.INFO: Usuario no encontrado: use [] []
[2025-01-09T22:32:05.466891+01:00] name.INFO: Intento de login - Usuario: use [] []
[2025-01-09T22:32:05.469388+01:00] name.INFO: Usuario no encontrado: use [] []
[2025-01-09T22:32:25.892040+01:00] name.INFO: Intento de login - Usuario: user [] []
[2025-01-09T22:32:25.894102+01:00] name.INFO: Password proporcionado: 1234 [] []
[2025-01-09T22:32:25.894168+01:00] name.INFO: Password almacenado: $2y$10$ElL.9o6sWGEGV0tXhy7K2uxnBQtoZqg/onz8HKObqoLSteRPZl0UO [] []
[2025-01-09T22:32:25.943733+01:00] name.INFO: Login exitoso para usuario: user [] []
[2025-01-09T22:40:35.275555+01:00] name.INFO: Intento de login - Usuario: nana [] []
[2025-01-09T22:40:35.277774+01:00] name.INFO: Password proporcionado: 1234 [] []
[2025-01-09T22:40:35.277862+01:00] name.INFO: Password almacenado: $2y$10$ElL.9o6sWGEGV0tXhy7K2uxnBQtoZqg/onz8HKObqoLSteRPZl0UO [] []
[2025-01-09T22:40:35.329918+01:00] name.INFO: Login exitoso para usuario: nana [] []
[2025-01-10T12:50:34.167485+01:00] name.INFO: Intento de login - Usuario: user [] []
[2025-01-10T12:50:34.234612+01:00] name.INFO: Password proporcionado: 1234 [] []
[2025-01-10T12:50:34.234693+01:00] name.INFO: Password almacenado: $2y$10$ElL.9o6sWGEGV0tXhy7K2uxnBQtoZqg/onz8HKObqoLSteRPZl0UO [] []
[2025-01-10T12:50:34.284664+01:00] name.INFO: Login exitoso para usuario: user [] []
[2025-01-21T10:13:40.023830+01:00] name.INFO: Intento de login - Usuario: nana [] []
[2025-01-21T10:13:40.169355+01:00] name.INFO: Password proporcionado: 1234 [] []
[2025-01-21T10:13:40.169444+01:00] name.INFO: Password almacenado: $2y$10$ElL.9o6sWGEGV0tXhy7K2uxnBQtoZqg/onz8HKObqoLSteRPZl0UO [] []
[2025-01-21T10:13:40.221083+01:00] name.INFO: Login exitoso para usuario: nana [] []
[2025-01-31T12:16:14.865268+01:00] name.INFO: Intento de login - Usuario: nana [] []
[2025-01-31T12:16:14.879715+01:00] name.INFO: Password proporcionado: 1234567 [] []
[2025-01-31T12:16:14.879789+01:00] name.INFO: Password almacenado: $2y$10$ElL.9o6sWGEGV0tXhy7K2uxnBQtoZqg/onz8HKObqoLSteRPZl0UO [] []
[2025-01-31T12:16:14.929713+01:00] name.INFO: Contraseña incorrecta para usuario: nana [] []
[2025-01-31T12:17:34.134340+01:00] name.INFO: Intento de login - Usuario: user [] []
[2025-01-31T12:17:34.137214+01:00] name.INFO: Password proporcionado: 1234 [] []
[2025-01-31T12:17:34.137279+01:00] name.INFO: Password almacenado: $2y$10$ElL.9o6sWGEGV0tXhy7K2uxnBQtoZqg/onz8HKObqoLSteRPZl0UO [] []
[2025-01-31T12:17:34.186326+01:00] name.INFO: Login exitoso para usuario: user [] []
[2025-01-31T12:32:09.625942+01:00] name.INFO: Intento de login - Usuario: user [] []
[2025-01-31T12:32:09.628474+01:00] name.INFO: Password proporcionado: 1234 [] []
[2025-01-31T12:32:09.628538+01:00] name.INFO: Password almacenado: $2y$10$ElL.9o6sWGEGV0tXhy7K2uxnBQtoZqg/onz8HKObqoLSteRPZl0UO [] []
[2025-01-31T12:32:09.677605+01:00] name.INFO: Login exitoso para usuario: user [] []
[2025-01-31T12:35:40.653506+01:00] name.INFO: Intento de login - Usuario: user [] []
[2025-01-31T12:35:40.656063+01:00] name.INFO: Password proporcionado: 1234 [] []
[2025-01-31T12:35:40.656124+01:00] name.INFO: Password almacenado: $2y$10$ElL.9o6sWGEGV0tXhy7K2uxnBQtoZqg/onz8HKObqoLSteRPZl0UO [] []
[2025-01-31T12:35:40.705777+01:00] name.INFO: Login exitoso para usuario: user [] []
[2025-01-31T12:36:53.960070+01:00] name.INFO: Intento de login - Usuario: nana [] []
[2025-01-31T12:36:53.962099+01:00] name.INFO: Password proporcionado: 1234 [] []
[2025-01-31T12:36:53.962162+01:00] name.INFO: Password almacenado: $2y$10$ElL.9o6sWGEGV0tXhy7K2uxnBQtoZqg/onz8HKObqoLSteRPZl0UO [] []
[2025-01-31T12:36:54.011156+01:00] name.INFO: Login exitoso para usuario: nana [] []
[2025-01-31T12:52:20.335072+01:00] name.INFO: Intento de login - Usuario: user [] []
[2025-01-31T12:52:37.754816+01:00] name.INFO: Intento de login - Usuario: nana [] []
[2025-01-31T12:53:35.908580+01:00] name.INFO: Intento de login - Usuario: user [] []
[2025-01-31T12:55:33.880759+01:00] name.INFO: Intento de login - Usuario: user [] []
[2025-01-31T12:57:02.887125+01:00] name.INFO: Intento de login - Usuario: user [] []
[2025-01-31T13:02:04.998539+01:00] name.INFO: Intento de login - Usuario: user [] []
[2025-01-31T13:08:57.635887+01:00] name.INFO: Intento de login - Usuario: user [] []
[2025-02-02T20:16:57.227627+01:00] name.INFO: Intento de login - Usuario: user [] []
[2025-02-02T20:17:36.279998+01:00] name.INFO: Intento de login - Usuario: user [] []
[2025-02-02T20:18:57.983263+01:00] name.INFO: Intento de login - Usuario: nana [] []
[2025-02-02T20:22:51.160101+01:00] name.INFO: Intento de login - Usuario: nana [] []
[2025-02-02T20:23:03.685845+01:00] name.INFO: Intento de login - Usuario: nana [] []
[2025-02-02T20:24:30.364242+01:00] name.INFO: Intento de login - Usuario: nana [] []
[2025-02-02T20:26:54.633482+01:00] name.INFO: Intento de login - Usuario: nana [] []
[2025-02-02T20:27:44.632121+01:00] name.INFO: Intento de login - Usuario: nana [] []
[2025-02-02T20:27:54.201496+01:00] name.INFO: Intento de login - Usuario: nana [] []
[2025-02-02T20:28:31.465138+01:00] name.INFO: Intento de login - Usuario: nana [] []
[2025-02-02T20:28:40.313880+01:00] name.INFO: Intento de login - Usuario: nana [] []
[2025-02-02T20:31:09.930629+01:00] name.INFO: Intento de login - Usuario: nana [] []
[2025-02-02T20:31:19.296957+01:00] name.INFO: Intento de login - Usuario: nana [] []
[2025-02-02T20:32:31.482311+01:00] name.INFO: Intento de login - Usuario: nana [] []
[2025-02-02T20:32:41.498872+01:00] name.INFO: Intento de login - Usuario: nana [] []
[2025-02-02T20:36:06.642286+01:00] name.INFO: Intento de login - Usuario: nana [] []
[2025-02-02T20:36:42.573745+01:00] name.INFO: Intento de login - Usuario: nana [] []
[2025-02-02T20:37:23.865754+01:00] name.INFO: Intento de login - Usuario: nana [] []
[2025-02-02T20:40:03.711172+01:00] name.INFO: Intento de login - Usuario: nana [] []
[2025-02-03T18:27:28.193570+01:00] name.INFO: Intento de login - Usuario: user [] []
[2025-02-03T18:28:45.943841+01:00] name.INFO: Intento de login - Usuario: user [] []
[2025-02-03T18:28:55.491374+01:00] name.INFO: Intento de login - Usuario: user [] []
[2025-02-03T22:03:16.297419+01:00] name.INFO: Intento de login - Usuario: user [] []
[2025-02-03T22:03:26.714955+01:00] name.INFO: Intento de login - Usuario: user [] []
[2025-02-03T22:11:17.262187+01:00] name.INFO: Intento de login - Usuario: user [] []
[2025-02-03T22:11:17.315397+01:00] name.INFO: Password proporcionado: 1234 [] []
[2025-02-03T22:11:17.315492+01:00] name.INFO: Password almacenado: $2y$10$ElL.9o6sWGEGV0tXhy7K2uxnBQtoZqg/onz8HKObqoLSteRPZl0UO [] []
[2025-02-03T22:11:17.367305+01:00] name.INFO: Login exitoso para usuario: user [] []
[2025-02-03T22:27:50.776880+01:00] name.INFO: Intento de login - Usuario: nana [] []
[2025-02-03T22:27:50.823794+01:00] name.INFO: Password proporcionado: 1234 [] []
[2025-02-03T22:27:50.823903+01:00] name.INFO: Password almacenado: $2y$10$ElL.9o6sWGEGV0tXhy7K2uxnBQtoZqg/onz8HKObqoLSteRPZl0UO [] []
[2025-02-03T22:27:50.873850+01:00] name.INFO: Login exitoso para usuario: nana [] []
[2025-02-03T22:28:27.415377+01:00] name.INFO: Intento de login - Usuario: user [] []
[2025-02-03T22:28:27.417400+01:00] name.INFO: Password proporcionado: 1234 [] []
[2025-02-03T22:28:27.417485+01:00] name.INFO: Password almacenado: $2y$10$ElL.9o6sWGEGV0tXhy7K2uxnBQtoZqg/onz8HKObqoLSteRPZl0UO [] []
[2025-02-03T22:28:27.467495+01:00] name.INFO: Login exitoso para usuario: user [] []
[2025-02-03T22:35:44.214290+01:00] name.INFO: Intento de login - Usuario: user [] []
[2025-02-03T22:35:44.216437+01:00] name.INFO: Password proporcionado: 1234 [] []
[2025-02-03T22:35:44.216500+01:00] name.INFO: Password almacenado: $2y$10$ElL.9o6sWGEGV0tXhy7K2uxnBQtoZqg/onz8HKObqoLSteRPZl0UO [] []
[2025-02-03T22:35:44.265889+01:00] name.INFO: Login exitoso para usuario: user [] []
[2025-02-03T22:36:24.504992+01:00] name.INFO: Intento de login - Usuario: nana [] []
[2025-02-03T22:36:24.507252+01:00] name.INFO: Password proporcionado: 1234 [] []
[2025-02-03T22:36:24.507323+01:00] name.INFO: Password almacenado: $2y$10$ElL.9o6sWGEGV0tXhy7K2uxnBQtoZqg/onz8HKObqoLSteRPZl0UO [] []
[2025-02-03T22:36:24.556657+01:00] name.INFO: Login exitoso para usuario: nana [] []
[2025-02-03T22:38:31.090610+01:00] name.INFO: Intento de login - Usuario: user [] []
[2025-02-03T22:38:31.093312+01:00] name.INFO: Password proporcionado: 1234 [] []
[2025-02-03T22:38:31.093386+01:00] name.INFO: Password almacenado: $2y$10$ElL.9o6sWGEGV0tXhy7K2uxnBQtoZqg/onz8HKObqoLSteRPZl0UO [] []
[2025-02-03T22:38:31.143470+01:00] name.INFO: Login exitoso para usuario: user [] []
[2025-02-04T20:30:18.663983+01:00] name.INFO: Intento de login - Usuario: user [] []
[2025-02-04T20:30:18.762505+01:00] name.INFO: Password proporcionado: 1234 [] []
[2025-02-04T20:30:18.762635+01:00] name.INFO: Password almacenado: $2y$10$ElL.9o6sWGEGV0tXhy7K2uxnBQtoZqg/onz8HKObqoLSteRPZl0UO [] []
[2025-02-04T20:30:18.812710+01:00] name.INFO: Login exitoso para usuario: user [] []
[2025-02-04T20:54:13.832916+01:00] name.INFO: Intento de login - Usuario: nana [] []
[2025-02-04T20:54:13.835237+01:00] name.INFO: Password proporcionado: 1234 [] []
[2025-02-04T20:54:13.835302+01:00] name.INFO: Password almacenado: $2y$10$ElL.9o6sWGEGV0tXhy7K2uxnBQtoZqg/onz8HKObqoLSteRPZl0UO [] []
[2025-02-04T20:54:13.885494+01:00] name.INFO: Login exitoso para usuario: nana [] []
[2025-02-05T11:03:58.495931+01:00] name.INFO: Intento de login - Usuario: user [] []
[2025-02-05T11:03:58.545617+01:00] name.INFO: Password proporcionado: 1234 [] []
[2025-02-05T11:03:58.545712+01:00] name.INFO: Password almacenado: $2y$10$ElL.9o6sWGEGV0tXhy7K2uxnBQtoZqg/onz8HKObqoLSteRPZl0UO [] []
[2025-02-05T11:03:58.596505+01:00] name.INFO: Login exitoso para usuario: user [] []
[2025-02-05T11:04:31.482101+01:00] name.INFO: Intento de login - Usuario: nana [] []
[2025-02-05T11:04:31.484483+01:00] name.INFO: Password proporcionado: 1234 [] []
[2025-02-05T11:04:31.484546+01:00] name.INFO: Password almacenado: $2y$10$ElL.9o6sWGEGV0tXhy7K2uxnBQtoZqg/onz8HKObqoLSteRPZl0UO [] []
[2025-02-05T11:04:31.534175+01:00] name.INFO: Login exitoso para usuario: nana [] []
[2025-02-05T11:10:35.733676+01:00] name.INFO: Intento de login - Usuario: user [] []
[2025-02-05T11:10:35.736354+01:00] name.INFO: Password proporcionado: 1234 [] []
[2025-02-05T11:10:35.736412+01:00] name.INFO: Password almacenado: $2y$10$ElL.9o6sWGEGV0tXhy7K2uxnBQtoZqg/onz8HKObqoLSteRPZl0UO [] []
[2025-02-05T11:10:35.786730+01:00] name.INFO: Login exitoso para usuario: user [] []
[2025-02-05T11:11:12.431735+01:00] name.INFO: Intento de login - Usuario: nana [] []
[2025-02-05T11:11:12.434452+01:00] name.INFO: Password proporcionado: 1234 [] []
[2025-02-05T11:11:12.434529+01:00] name.INFO: Password almacenado: $2y$10$ElL.9o6sWGEGV0tXhy7K2uxnBQtoZqg/onz8HKObqoLSteRPZl0UO [] []
[2025-02-05T11:11:12.483342+01:00] name.INFO: Login exitoso para usuario: nana [] []
[2025-02-05T11:12:10.093054+01:00] name.INFO: Intento de login - Usuario: user [] []
[2025-02-05T11:12:10.095863+01:00] name.INFO: Password proporcionado: 1234 [] []
[2025-02-05T11:12:10.095941+01:00] name.INFO: Password almacenado: $2y$10$ElL.9o6sWGEGV0tXhy7K2uxnBQtoZqg/onz8HKObqoLSteRPZl0UO [] []
[2025-02-05T11:12:10.145151+01:00] name.INFO: Login exitoso para usuario: user [] []
[2025-02-05T11:14:58.180214+01:00] name.INFO: Intento de login - Usuario: user [] []
[2025-02-05T11:14:58.183020+01:00] name.INFO: Password proporcionado: 1234 [] []
[2025-02-05T11:14:58.183091+01:00] name.INFO: Password almacenado: $2y$10$ElL.9o6sWGEGV0tXhy7K2uxnBQtoZqg/onz8HKObqoLSteRPZl0UO [] []
[2025-02-05T11:14:58.232686+01:00] name.INFO: Login exitoso para usuario: user [] []
[2025-02-05T11:19:27.856221+01:00] name.INFO: Intento de login - Usuario: nana [] []
[2025-02-05T11:19:27.859183+01:00] name.INFO: Password proporcionado: 1234 [] []
[2025-02-05T11:19:27.859264+01:00] name.INFO: Password almacenado: $2y$10$ElL.9o6sWGEGV0tXhy7K2uxnBQtoZqg/onz8HKObqoLSteRPZl0UO [] []
[2025-02-05T11:19:27.909578+01:00] name.INFO: Login exitoso para usuario: nana [] []
[2025-02-05T11:54:14.769918+01:00] name.INFO: Intento de login - Usuario: user [] []
[2025-02-05T11:54:14.775039+01:00] name.INFO: Password proporcionado: 1234 [] []
[2025-02-05T11:54:14.775102+01:00] name.INFO: Password almacenado: $2y$10$ElL.9o6sWGEGV0tXhy7K2uxnBQtoZqg/onz8HKObqoLSteRPZl0UO [] []
[2025-02-05T11:54:14.826028+01:00] name.INFO: Login exitoso para usuario: user [] []
[2025-02-05T11:55:01.454377+01:00] name.INFO: Intento de login - Usuario: nana [] []
[2025-02-05T11:55:01.456962+01:00] name.INFO: Password proporcionado: 1234 [] []
[2025-02-05T11:55:01.457027+01:00] name.INFO: Password almacenado: $2y$10$ElL.9o6sWGEGV0tXhy7K2uxnBQtoZqg/onz8HKObqoLSteRPZl0UO [] []
[2025-02-05T11:55:01.507197+01:00] name.INFO: Login exitoso para usuario: nana [] []
